2015-09-10 08:15:55;new chat started;101038712
2015-09-10 08:16:39;new chat started;101038712
2015-09-10 08:22:51;new chat started;101038712
2015-09-10 08:26:07;livello Bisenzio sent;101038712
2015-09-10 08:27:58;livello Bisenzio sent;101038712
2015-09-10 08:31:22;livello Bisenzio sent;101038712
2015-09-10 18:18:08;new chat started;101038712
2015-09-10 18:18:14;livello Bisenzio sent;101038712
2015-09-10 18:18:45;livello Bisenzio sent;101038712
2015-09-10 18:21:30;livello Bisenzio sent;101038712
2015-09-10 18:21:31;livello Bisenzio sent;101038712
2015-09-10 18:24:31;livello Bisenzio sent;101038712
2015-09-14 23:31:08;meteo sent;101038712
2015-09-14 23:39:04;wrong command sent;
2015-09-14 23:39:22;wrong command sent;
2015-09-14 23:44:57;wrong command sent;101038712
2015-09-14 23:44:58;wrong command sent;101038712
2015-09-14 23:44:58;wrong command sent;101038712
2015-09-14 23:45:11;wrong command sent;101038712
2015-09-14 23:46:09;meteo sent;101038712
2015-09-14 23:46:55;rischi sent;101038712
2015-09-14 23:47:06;notification set;101038712
2015-09-14 23:50:19;notification set;101038712
2015-09-14 23:59:22;wrong command sent;
2015-09-14 23:59:31;wrong command sent;
2015-09-15 00:00:46;meteo sent;101038712
2015-09-15 00:00:54;notification set;101038712
2015-09-15 00:04:34;meteo sent;101038712
2015-09-15 00:04:46;notification set;101038712
2015-09-15 00:06:08;notification set;101038712
2015-09-15 00:07:07;notification set;101038712
2015-09-15 00:07:37;notification set;101038712
2015-09-15 00:09:23;notification reset;101038712
2015-09-15 00:17:26;notification set;101038712
2015-09-15 00:27:47;notification set;101038712
2015-09-15 00:28:30;notification set;101038712
2015-09-15 00:31:40;notification set;101038712
2015-09-15 00:32:10;notification set;101038712
2015-09-15 00:33:37;notification set;101038712
2015-09-15 00:35:31;notification set;101038712
2015-09-15 00:36:16;notification set;101038712
2015-09-15 00:36:58;notification set;101038712
2015-09-15 00:51:04;notification reset;101038712
2015-09-15 00:51:30;notification reset;101038712
2015-09-15 00:52:45;notification set;101038712
2015-09-15 00:55:55;Sent message to 9 subscribers
2015-09-15 00:55:55;notification set;101038712
2015-09-15 01:07:45;notification set;101038712
2015-09-15 01:07:46;notification set;101038712
2015-09-15 01:08:05;notification reset;101038712
2015-09-15 01:08:30;meteo sent;101038712
2015-09-15 01:08:38;previsioni sent;101038712
2015-09-15 01:08:54;temperatura Vaiano/Schignano sent;101038712
2015-09-15 22:36:42;meteo sent;101038712
2015-09-15 22:37:06;wrong command sent;101038712
2015-09-15 22:37:40;wrong command sent;101038712
2015-09-15 22:39:10;meteo sent;101038712
2015-09-15 22:39:21;previsioni sent;101038712
2015-09-15 22:49:13;wrong command sent;101038712
2015-09-16 00:37:32;wrong command sent;101038712
2015-09-16 00:56:51;wrong command sent;101038712
2015-09-16 00:57:10;wrong command sent;101038712
2015-09-16 16:39:25;wrong command sent;101038712
2015-09-16 16:44:41;wrong command sent;101038712
2015-09-16 16:49:13;wrong command sent;101038712
2015-09-16 16:51:39;wrong command sent;101038712
2015-09-16 16:54:56;wrong command sent;101038712
2015-09-16 16:57:37;wrong command sent;101038712
2015-09-16 17:00:14;wrong command sent;101038712
2015-09-16 17:02:43;wrong command sent;101038712
2015-09-16 17:45:45;new chat started;99722468
2015-09-16 17:45:47;new chat started;99722468
2015-09-16 17:45:49;previsioni sent;99722468
2015-09-16 17:45:56;rischi sent;99722468
2015-09-16 17:46:01;meteo sent;99722468
2015-09-16 17:47:51;wrong command sent;101038712
2015-09-16 17:51:54;temperatura Vaiano/Sofignano sent;99722468
2015-09-16 17:51:56;previsioni sent;131322236
2015-09-16 17:52:04;wrong command sent;101038712
2015-09-16 17:52:53;wrong command sent;101038712
2015-09-16 17:55:12;wrong command sent;101038712
2015-09-16 17:59:11;wrong command sent;101038712
2015-09-16 18:00:58;information for maps recorded;101038712
2015-09-16 18:02:14;information for maps recorded;101038712
2015-09-16 18:02:46;information for maps recorded;101038712
2015-09-16 19:55:22;meteo sent;99722468
2015-09-16 19:55:23;new chat started;32468020
2015-09-16 19:56:02;meteo sent;32468020
2015-09-16 19:56:03;rischi sent;32468020
2015-09-16 19:56:03;information for maps recorded;101038712
2015-09-16 19:56:41;notification reset;32468020
2015-09-16 19:56:42;information for maps recorded;101038712
2015-09-16 20:04:15;information for maps recorded;101038712
2015-09-16 20:14:12;information for maps recorded;101038712
2015-09-16 20:14:49;information for maps recorded;101038712
2015-09-16 20:19:45;information for maps recorded;101038712
2015-09-16 20:21:48;information for maps recorded;101038712
2015-09-16 20:22:35;information for maps recorded;101038712
2015-09-16 20:32:08;information for maps recorded;101038712
2015-09-16 20:34:00;information for maps recorded;101038712
2015-09-16 20:37:03;information for maps recorded;101038712
2015-09-16 20:44:03;information for maps recorded;101038712
2015-09-16 20:46:31;information for maps recorded;101038712
2015-09-16 20:48:46;information for maps recorded;101038712
2015-09-16 20:50:53;information for maps recorded;101038712
2015-09-16 20:55:24;information for maps recorded;101038712
2015-09-16 21:00:06;information for maps recorded;101038712
2015-09-16 21:07:35;information for maps recorded;101038712
2015-09-16 21:08:38;information for maps recorded;101038712
2015-09-16 21:12:03;information for maps recorded;101038712
2015-09-16 21:15:18;information for maps recorded;101038712
2015-09-16 21:16:45;information for maps recorded;101038712
2015-09-16 21:18:19;information for maps recorded;101038712
2015-09-16 21:19:38;information for maps recorded;101038712
2015-09-16 21:23:33;information for maps recorded;101038712
2015-09-16 21:25:46;information for maps recorded;101038712
2015-09-16 21:31:59;information for maps recorded;101038712
2015-09-16 21:36:37;information for maps recorded;101038712
2015-09-16 21:45:48;wrong command sent;101038712
2015-09-16 21:48:47;wrong command sent;101038712
2015-09-16 21:55:25;wrong command sent;101038712
2015-09-16 21:57:50;wrong command sent;101038712
2015-09-16 22:16:01;information for maps recorded;101038712
2015-09-16 22:21:49;information for maps recorded;101038712
2015-09-16 22:28:35;information for maps recorded;101038712
2015-09-16 22:30:31;wrong command sent;101038712
2015-09-16 22:36:44;information for maps recorded;101038712
2015-09-16 22:37:28;information for maps recorded;101038712
2015-09-16 22:43:40;information for maps recorded;101038712
2015-09-16 22:45:34;information for maps recorded;101038712
2015-09-16 22:47:16;information for maps recorded;101038712
2015-09-16 23:00:47;information for maps recorded;101038712
2015-09-16 23:05:00;information for maps recorded;101038712
2015-09-16 23:11:37;information for maps recorded;101038712
2015-09-16 23:13:26;information for maps recorded;101038712
2015-09-17 00:49:17;meteo sent;101038712
2015-09-17 00:49:44;information for maps recorded;101038712
2015-09-17 00:51:49;information for maps recorded;101038712
2015-09-17 00:55:04;information for maps recorded;101038712
2015-09-17 00:55:23;information for maps recorded;101038712
2015-09-17 00:56:42;information for maps recorded;101038712
2015-09-17 00:57:17;information for maps recorded;101038712
2015-09-17 01:00:58;information for maps recorded;101038712
2015-09-17 01:01:43;information for maps recorded;101038712
2015-09-17 01:06:37;information for maps recorded;101038712
2015-09-17 01:08:07;information for maps recorded;101038712
2015-09-17 01:09:00;information for maps recorded;101038712
2015-09-17 01:30:32;information for maps recorded;101038712
2015-09-17 01:34:29;information for maps recorded;101038712
2015-09-17 01:37:27;information for maps recorded;101038712
2015-09-17 01:38:48;information for maps recorded;101038712
2015-09-17 01:42:20;information for maps recorded;101038712
2015-09-28 15:43:01;previsioni Lecce sent;69668132
2015-09-28 15:44:01;eventi sent;69668132
2015-09-28 15:48:01;eventi sent;69668132
2015-09-28 15:49:02;eventi sent;69668132 eventi:
Eventi culturali in programmazione:

Titolo: Il Pasto della Tarantola
Tipologia: Teatro e Cinema
Organizzatore: Comune di Lecce
Email contatto: antonio.maruccio@gmail.com
Dettagli: Koreja presenta  Il Pasto della Tarantola
Luogo: Castello
Pagamento: Si
Inizio: 03/10/2015 00:00:00
Fine: 03/10/2015 00:00:00
Puoi visualizzarlo su :
http://www.openstreetmap.org/?mlat=40.352497&mlon=18.17482#map=19/40.352497/18.17482

Titolo: Prima visione
Tipologia: Arte
Organizzatore: Lorenzo Madaro e Ester Annunziata
Email contatto: antonio.maruccio@commediasrl.it
Dettagli: A CasaEutopia inaugurazione di "Prima visione" rassegna d'arte a cura di Lorenzo Madaro e Ester Annunziata dedicata ad artisti under 35.
Luogo: Galleria Francesco Foresta - via Francesco D\'Aragona 73100 Lecce
Pagamento: No
Inizio: 10/08/2015 00:00:00
Fine: 08/12/2015 00:00:00
Puoi visualizzarlo su :
http://www.openstreetmap.org/?mlat=40.350616&mlon=18.171585#map=19/40.350616/18.171585

Titolo: handmade | Artists in Action.02
Tipologia: Arte
Organizzatore: Fernando Perrone
Email contatto: laboratoriotracce@libero.it
Dettagli: Handmade | Artists in Action.02 Lecce 2015 Capitale Italiana della Cultura  Handmade | Artists in Action.02 è un progetto di Arte e Artigianato con contaminazioni tra artisti che interagiscono e dialogano tra loro coinvolgendo attivamente il pubblico rendendolo partecipe. La novità rilevante della seconda edizione consiste nel fatto che le mostre dei singoli ospiteranno “Incursioni Artistiche” della durata di un giorno (one day) con installazioni inedite tra interno ed esterno nel prestigioso spazio della Fondazione Palmieri in Vico dei Sotterranei n°21 a Lecce che ospiterà l’intera rassegna dal 20 luglio al 31 dicembre 2015. Il progetto è inserito nel calendario degli eventi di Lecce 2015 Capitale Italiana della Cultura. Il filo conduttore è naturalmente il fatto a mano e quindi i materiali peculiari del nostro territorio quali la Pietra la Carta il Ferro l’Argilla. La prima edizione si è tenuta a maggio 2014 per il mese dell’EUtopia a sostegno della candidatura di Lecce Capitale Europea della Cultura 2019 riscuotendo successo di critica e di pubblico per questo l’esigenza di riproporlo e ampliarlo con un progetto più ambizioso e duraturo nel tempo con l’esplicita necessità di tutelare promuovere e diffondere la Cultura Materiale e le Arti Applicate ad essa correlate. Le attività di handmade | artists in action.02 iniziano il 20 luglio con la mostra di Luigi Manca “deCarta” periodo durante il quale sono in programmazione due “Incursioni Artistiche” che toccano il tema della Carta: 17 agosto “Incursione” di Onelia Greco tra interno ed esterno con l’installazione “Incursioni Metalliche” in questa occasione chi avrà piacere potrà staccare gli origami che compongono l’opera e portarli con se in cambio di un sorriso. 24/25 agosto “Incursione” di Ornella Durini e Fernando Perrone con l’installazione “Strisce di Carta”.  01/02 settembre Enzo Fina mostra di strumenti musicali inediti costruiti dall’artista con materiali vari e attrezzi da lavoro contadini performance musicale dell’autore e proiezione del trailer di Jenne Marasco e Giuliano Capani “Enzo Fina il risveglio del corpo sonoro” – Salice/Los Angeles/Salice andata e ritorno. 26 sett/02 ott mostra-installazione del Maestro Corrado Lorenzo come gli elementi della natura diventano Arte Contemporanea.  12/17 ottobre mostra di Gabriele Pici scultore della pietra con creazione di una scultura a più mani sulla quale tutti potranno interagire. 18/24 ottobre mostra-installazione  “RiTrovaMenti” di Giovanni Carpignano scultore del ferro. 01/08 novembre mostra-installazione di Onelia Greco “Grande Origami” dimensione ambiente e laboratorio artistico per la costruzione di origami. 09/19 novembre mostra-installazione di Sandro Greco  “Fiori di Carta sui rifiuti” e costruzione di fiori di carta che l’artista regala ai visitatori e passanti in cambio di un sorriso. Incursione di Enzo Fina il quale dialogherà con il Maestro condividendo magici momenti sonori.  Proiezione del cortometraggio di Giuliano Capani e Jenne Marasco sul Maestro “Il domatore di farfalle”. 19/31 dicembre mostra-installazione di Mario Pellegrino
Luogo: Fondazione Palmieri
Pagamento: No
Inizio: 20/07/2015 20:30:00
Fine: 31/12/2015 21:00:00
Puoi visualizzarlo su :
http://www.openstreetmap.org/?mlat=40.351389&mlon=18.169005#map=19/40.351389/18.169005

Titolo: handmade | artists in action.02
Tipologia: Arte
Organizzatore: fernando perrone
Email contatto: laboratoriotracce@libero.it
Dettagli: Handmade | Artists in Action.02 Lecce 2015 Capitale Italiana della Cultura  Handmade | Artists in Action.02 è un progetto di Arte e Artigianato con contaminazioni tra artisti che interagiscono tra loro coinvolgendo attivamente il pubblico rendendolo partecipe.  La novità rilevante della seconda edizione consiste nel fatto che le mostre dei singoli ospiteranno in alcuni casi “Incursioni Artistiche” della durata di un giorno (one day) con installazioni inedite tra interno ed esterno nel prestigioso spazio della Fondazione Palmieri in Vico dei Sotterranei n°21 a Lecce  che ospiterà l’intera rassegna dal 20 luglio al 31 dicembre 2015.  Il progetto è inserito nel calendario degli eventi di Lecce 2015 Capitale Italiana della Cultura. Il filo conduttore è naturalmente il fatto a mano e quindi i materiali peculiari del nostro territorio Pietra  Carta  Ferro  Argilla.  La prima edizione si è tenuta a maggio 2014 per il mese dell’EUtopia a sostegno della candidatura di Lecce Capitale Europea della Cultura 2019  riscuotendo successo di critica e di pubblico  per questo l’esigenza di riproporlo e ampliarlo con un progetto più ambizioso e duraturo nel tempo con l’esplicita necessità di tutelare  promuovere e diffondere la Cultura Materiale e le Arti Applicate.  27 settembre - 02 ottobre 2015 [Assemblaggi] di Corrado Lorenzo opere costruite con legni  carte e frammenti  come affondate all\'interno della materia cromatica e caratterizzate dalla costanza di un forte equilibrio compositivo.  Corrado Lorenzo è un viaggiatore nelle foreste della creatività  dagli anni \'60 ha percorso tutte le vie dell\'arte non figurativa contemporanea  dalla land-art a quella povera  alla concettuale  al graffitismo  come per scandagliare il fondale del territorio nel quale siamo ospitati.  L\'uomo e il suo habitat  arte e territorio e uomo e natura sono le sue sigle inconfondibili.
Luogo: fondazione palmieri
Pagamento: No
Inizio: 27/09/2015 21.00.00
Fine: 02/10/2015 00:00:00
Puoi visualizzarlo su :
http://www.openstreetmap.org/?mlat=40.351139&mlon=18.168597#map=19/40.351139/18.168597

2015-09-28 15:49:56;eventi sent;69668132 eventi:
Eventi culturali in programmazione:

Titolo: Il Pasto della Tarantola
Tipologia: Teatro e Cinema
Organizzatore: Comune di Lecce
Email contatto: antonio.maruccio@gmail.com
Dettagli: Koreja presenta  Il Pasto della Tarantola
Luogo: Castello
Pagamento: Si
Inizio: 03/10/2015 00:00:00
Fine: 03/10/2015 00:00:00
Puoi visualizzarlo su :
http://www.openstreetmap.org/?mlat=40.352497&mlon=18.17482#map=19/40.352497/18.17482
Titolo: Prima visione
Tipologia: Arte
Organizzatore: Lorenzo Madaro e Ester Annunziata
Email contatto: antonio.maruccio@commediasrl.it
Dettagli: A CasaEutopia inaugurazione di "Prima visione" rassegna d'arte a cura di Lorenzo Madaro e Ester Annunziata dedicata ad artisti under 35.
Luogo: Galleria Francesco Foresta - via Francesco D\'Aragona 73100 Lecce
Pagamento: No
Inizio: 10/08/2015 00:00:00
Fine: 08/12/2015 00:00:00
Puoi visualizzarlo su :
http://www.openstreetmap.org/?mlat=40.350616&mlon=18.171585#map=19/40.350616/18.171585
Titolo: handmade | Artists in Action.02
Tipologia: Arte
Organizzatore: Fernando Perrone
Email contatto: laboratoriotracce@libero.it
Dettagli: Handmade | Artists in Action.02 Lecce 2015 Capitale Italiana della Cultura  Handmade | Artists in Action.02 è un progetto di Arte e Artigianato con contaminazioni tra artisti che interagiscono e dialogano tra loro coinvolgendo attivamente il pubblico rendendolo partecipe. La novità rilevante della seconda edizione consiste nel fatto che le mostre dei singoli ospiteranno “Incursioni Artistiche” della durata di un giorno (one day) con installazioni inedite tra interno ed esterno nel prestigioso spazio della Fondazione Palmieri in Vico dei Sotterranei n°21 a Lecce che ospiterà l’intera rassegna dal 20 luglio al 31 dicembre 2015. Il progetto è inserito nel calendario degli eventi di Lecce 2015 Capitale Italiana della Cultura. Il filo conduttore è naturalmente il fatto a mano e quindi i materiali peculiari del nostro territorio quali la Pietra la Carta il Ferro l’Argilla. La prima edizione si è tenuta a maggio 2014 per il mese dell’EUtopia a sostegno della candidatura di Lecce Capitale Europea della Cultura 2019 riscuotendo successo di critica e di pubblico per questo l’esigenza di riproporlo e ampliarlo con un progetto più ambizioso e duraturo nel tempo con l’esplicita necessità di tutelare promuovere e diffondere la Cultura Materiale e le Arti Applicate ad essa correlate. Le attività di handmade | artists in action.02 iniziano il 20 luglio con la mostra di Luigi Manca “deCarta” periodo durante il quale sono in programmazione due “Incursioni Artistiche” che toccano il tema della Carta: 17 agosto “Incursione” di Onelia Greco tra interno ed esterno con l’installazione “Incursioni Metalliche” in questa occasione chi avrà piacere potrà staccare gli origami che compongono l’opera e portarli con se in cambio di un sorriso. 24/25 agosto “Incursione” di Ornella Durini e Fernando Perrone con l’installazione “Strisce di Carta”.  01/02 settembre Enzo Fina mostra di strumenti musicali inediti costruiti dall’artista con materiali vari e attrezzi da lavoro contadini performance musicale dell’autore e proiezione del trailer di Jenne Marasco e Giuliano Capani “Enzo Fina il risveglio del corpo sonoro” – Salice/Los Angeles/Salice andata e ritorno. 26 sett/02 ott mostra-installazione del Maestro Corrado Lorenzo come gli elementi della natura diventano Arte Contemporanea.  12/17 ottobre mostra di Gabriele Pici scultore della pietra con creazione di una scultura a più mani sulla quale tutti potranno interagire. 18/24 ottobre mostra-installazione  “RiTrovaMenti” di Giovanni Carpignano scultore del ferro. 01/08 novembre mostra-installazione di Onelia Greco “Grande Origami” dimensione ambiente e laboratorio artistico per la costruzione di origami. 09/19 novembre mostra-installazione di Sandro Greco  “Fiori di Carta sui rifiuti” e costruzione di fiori di carta che l’artista regala ai visitatori e passanti in cambio di un sorriso. Incursione di Enzo Fina il quale dialogherà con il Maestro condividendo magici momenti sonori.  Proiezione del cortometraggio di Giuliano Capani e Jenne Marasco sul Maestro “Il domatore di farfalle”. 19/31 dicembre mostra-installazione di Mario Pellegrino
Luogo: Fondazione Palmieri
Pagamento: No
Inizio: 20/07/2015 20:30:00
Fine: 31/12/2015 21:00:00
Puoi visualizzarlo su :
http://www.openstreetmap.org/?mlat=40.351389&mlon=18.169005#map=19/40.351389/18.169005
Titolo: handmade | artists in action.02
Tipologia: Arte
Organizzatore: fernando perrone
Email contatto: laboratoriotracce@libero.it
Dettagli: Handmade | Artists in Action.02 Lecce 2015 Capitale Italiana della Cultura  Handmade | Artists in Action.02 è un progetto di Arte e Artigianato con contaminazioni tra artisti che interagiscono tra loro coinvolgendo attivamente il pubblico rendendolo partecipe.  La novità rilevante della seconda edizione consiste nel fatto che le mostre dei singoli ospiteranno in alcuni casi “Incursioni Artistiche” della durata di un giorno (one day) con installazioni inedite tra interno ed esterno nel prestigioso spazio della Fondazione Palmieri in Vico dei Sotterranei n°21 a Lecce  che ospiterà l’intera rassegna dal 20 luglio al 31 dicembre 2015.  Il progetto è inserito nel calendario degli eventi di Lecce 2015 Capitale Italiana della Cultura. Il filo conduttore è naturalmente il fatto a mano e quindi i materiali peculiari del nostro territorio Pietra  Carta  Ferro  Argilla.  La prima edizione si è tenuta a maggio 2014 per il mese dell’EUtopia a sostegno della candidatura di Lecce Capitale Europea della Cultura 2019  riscuotendo successo di critica e di pubblico  per questo l’esigenza di riproporlo e ampliarlo con un progetto più ambizioso e duraturo nel tempo con l’esplicita necessità di tutelare  promuovere e diffondere la Cultura Materiale e le Arti Applicate.  27 settembre - 02 ottobre 2015 [Assemblaggi] di Corrado Lorenzo opere costruite con legni  carte e frammenti  come affondate all\'interno della materia cromatica e caratterizzate dalla costanza di un forte equilibrio compositivo.  Corrado Lorenzo è un viaggiatore nelle foreste della creatività  dagli anni \'60 ha percorso tutte le vie dell\'arte non figurativa contemporanea  dalla land-art a quella povera  alla concettuale  al graffitismo  come per scandagliare il fondale del territorio nel quale siamo ospitati.  L\'uomo e il suo habitat  arte e territorio e uomo e natura sono le sue sigle inconfondibili.
Luogo: fondazione palmieri
Pagamento: No
Inizio: 27/09/2015 21.00.00
Fine: 02/10/2015 00:00:00
Puoi visualizzarlo su :
http://www.openstreetmap.org/?mlat=40.351139&mlon=18.168597#map=19/40.351139/18.168597
2015-09-28 15:57:56;rischi sent;69668132
2015-09-28 15:57:58;aria sent;69668132
2015-09-28 15:58:29;temperatura Lecce sent;69668132
2015-09-28 15:59:01;aria sent;69668132
2015-09-28 15:59:02;aria sent;69668132
2015-09-28 16:03:02;aria sent;69668132
2015-09-28 16:04:02;aria sent;69668132
2015-09-28 16:05:02;eventi sent;69668132
2015-09-28 16:13:02;aria sent;69668132
2015-09-28 16:14:02;eventi sent;69668132
2015-09-28 16:14:41;eventi sent;69668132
2015-09-28 16:15:24;aria sent;69668132
2015-09-28 16:16:36;previsioni Lecce sent;69668132
2015-09-28 16:32:47;eventi sent;69668132
2015-09-28 16:34:01;eventi sent;69668132
2015-09-28 16:34:06;eventi sent;69668132
2015-09-28 16:44:09;eventi sent;69668132
2015-09-28 16:45:37;eventi sent;69668132
2015-09-28 16:47:02;eventi sent;69668132
2015-09-28 16:47:13;eventi sent;69668132
2015-09-28 16:49:38;eventi sent;69668132
2015-09-28 16:52:10;eventi sent;69668132
2015-09-28 16:52:45;eventi sent;69668132
2015-09-28 16:53:47;eventi sent;69668132
2015-09-28 17:20:00;eventi sent;69668132
2015-09-28 17:26:42;eventi sent;69668132
2015-09-28 17:28:25;eventi sent;69668132
2015-09-28 17:29:02;eventi sent;69668132
2015-09-28 17:29:13;eventi sent;69668132
2015-09-28 17:29:40;eventi sent;69668132
2015-09-28 17:30:25;eventi sent;69668132
2015-09-28 17:32:38;eventi sent;69668132
2015-09-28 17:34:32;eventi sent;69668132
2015-09-28 17:39:52;eventi sent;69668132
2015-09-28 17:40:24;eventi sent;69668132
2015-09-28 17:41:44;eventi sent;69668132
2015-09-28 17:42:46;eventi sent;69668132
2015-09-28 17:50:37;eventi sent;69668132
2015-09-28 17:58:46;eventi sent;69668132
2015-09-28 18:02:30;eventi sent;69668132
2015-09-28 18:08:18;eventi sent;69668132
2015-09-28 18:08:47;eventi sent;69668132
2015-09-28 18:09:12;eventi sent;69668132
2015-09-28 18:09:57;eventi sent;69668132
2015-09-28 18:11:03;eventi sent;69668132
2015-09-28 18:11:33;eventi sent;69668132
2015-09-28 18:12:51;eventi sent;69668132
2015-09-28 18:15:03;eventi sent;69668132
2015-09-28 18:16:03;eventi sent;69668132
2015-09-28 18:17:20;eventi sent;69668132
2015-09-28 18:21:52;eventi sent;69668132
2015-09-28 18:32:02;new chat started;41065027
2015-09-28 18:32:02;notification reset;41065027
2015-09-28 18:32:03;wrong command sent;41065027
2015-09-28 18:32:04;wrong command sent;41065027
2015-09-28 19:57:03;previsioni Lecce sent;69668132
2015-09-28 19:57:16;eventi sent;69668132
2015-09-28 20:01:59;eventi sent;69668132
2015-09-28 20:02:13;eventi sent;69668132
2015-09-28 20:08:59;eventi sent;69668132
2015-09-28 20:21:52;eventi sent;69668132
2015-09-28 20:22:34;eventi sent;69668132
2015-09-28 20:23:02;eventi sent;69668132
2015-09-28 20:23:02;eventi sent;69668132
2015-09-28 20:25:59;eventi sent;69668132
2015-09-28 20:30:01;eventi sent;69668132
2015-09-28 20:33:37;eventi sent;69668132
2015-09-28 20:36:17;eventi sent;69668132
2015-09-28 20:36:44;eventi sent;69668132
2015-09-28 20:37:34;eventi sent;69668132
2015-09-28 20:38:02;eventi sent;69668132
2015-09-28 20:40:02;eventi sent;69668132
2015-09-28 20:52:02;eventi sent;69668132
2015-09-28 20:53:35;eventi sent;69668132
2015-09-28 20:54:21;eventi sent;69668132
2015-09-28 20:55:38;eventi sent;69668132
2015-09-28 20:56:01;aria sent;69668132
2015-09-28 20:56:33;aria sent;69668132
2015-09-28 21:28:54;eventi sent;69668132
2015-09-28 22:25:02;new chat started;126779671
2015-09-28 22:26:02;rischi sent;126779671
2015-09-28 22:51:02;new chat started;103237237
2015-09-28 22:51:02;notification set;103237237
2015-09-28 22:52:02;previsioni Lecce sent;103237237
2015-09-28 22:52:03;aria sent;103237237
2015-09-28 22:52:16;rischi sent;103237237
2015-09-28 22:52:17;eventi sent;103237237
2015-09-28 22:52:28;crediti sent;103237237
2015-09-28 22:52:29;previsioni Lecce sent;103237237
2015-09-28 22:52:30;traffico sent;103237237
2015-09-28 22:57:02;new chat started;16027371
2015-09-28 22:57:03;notification set;16027371
2015-09-28 22:58:13;information for maps recorded;69668132
2015-09-28 23:06:02;traffico sent;16027371
2015-09-28 23:06:04;crediti sent;16027371
2015-09-28 23:06:04;previsioni Lecce sent;16027371
2015-09-29 00:13:30;information for maps recorded;69668132
2015-09-29 00:13:31;wrong command sent;69668132
2015-09-29 00:57:07;aria sent;69668132
2015-09-29 00:58:01;aria sent;69668132
2015-09-29 07:39:01;aria sent;69668132
2015-09-29 07:40:02;aria sent;69668132
2015-09-29 08:37:02;previsioni Lecce sent;30112401
2015-09-29 11:47:35;eventi sent;69668132
2015-09-29 11:51:02;new chat started;12972737
2015-09-29 11:54:02;previsioni Lecce sent;12972737
2015-09-29 12:51:02;new chat started;34453483
2015-09-29 12:52:03;previsioni Lecce sent;34453483
2015-09-29 12:53:03;aria sent;34453483
2015-09-29 12:54:03;wrong command sent;34453483
2015-09-29 13:15:02;new chat started;93734187
2015-09-29 13:15:03;new chat started;93734187
2015-09-29 13:16:02;eventi sent;93734187
2015-09-29 13:16:04;traffico sent;93734187
2015-09-29 13:16:06;wrong command sent;93734187
2015-09-29 13:17:03;new chat started;20050599
2015-09-29 13:18:02;previsioni Lecce sent;20050599
2015-09-29 13:18:03;aria sent;20050599
2015-09-29 13:22:03;rischi sent;20050599
2015-09-29 13:24:02;eventi sent;20050599
2015-09-29 13:37:02;eventi sent;12972737
2015-09-29 15:32:03;temperatura Lecce sent;69668132
2015-09-29 15:33:02;eventi sent;69668132
2015-09-29 15:33:14;eventi sent;69668132
2015-09-29 15:33:16;eventi sent;69668132
2015-09-29 15:33:19;eventi sent;69668132
2015-09-29 17:08:02;new chat started;138291038
2015-09-29 17:09:02;previsioni Lecce sent;138291038
2015-09-29 17:10:03;temperatura Lecce sent;138291038
2015-09-29 18:32:02;new chat started;49388179
2015-09-29 18:33:02;eventi sent;49388179
2015-09-30 09:20:01;eventi sent;138291038
2015-09-30 09:20:04;aria sent;138291038
2015-09-30 09:31:02;new chat started;27452821
2015-09-30 09:32:02;aria sent;27452821
2015-09-30 09:33:02;temperatura Lecce sent;27452821
2015-09-30 09:42:02;new chat started;120033046
2015-09-30 13:04:03;aria sent;69668132
2015-09-30 18:56:02;crediti sent;123504674
2015-09-30 18:57:03;previsioni Lecce sent;123504674
2015-09-30 18:58:03;traffico sent;123504674
2015-10-01 01:18:01;previsioni Lecce sent;124788206
2015-10-01 01:19:02;eventi sent;124788206
2015-10-01 11:54:02;previsioni Lecce sent;69668132
2015-10-01 11:55:02;aria sent;69668132
2015-10-01 11:56:03;aria sent;69668132
2015-10-01 11:57:02;new chat started;119748659
2015-10-01 11:57:02;eventi sent;69668132
2015-10-01 11:58:04;previsioni Lecce sent;119748659
2015-10-01 11:59:02;traffico sent;69668132
2015-10-01 12:00:03;rischi sent;119748659
2015-10-01 12:01:03;wrong command sent;117797581
2015-10-01 12:01:03;crediti sent;69668132
2015-10-01 12:01:04;wrong command sent;117797581
2015-10-01 12:02:02;previsioni Lecce sent;117797581
2015-10-01 12:02:03;previsioni Lecce sent;117797581
2015-10-01 12:04:02;temperatura Lecce sent;117797581
2015-10-01 12:10:03;traffico sent;69668132
2015-10-01 20:11:02;notification set;69668132
2015-10-01 23:50:02;new chat started;88777734
2015-10-01 23:50:02;notification set;88777734
2015-10-01 23:51:02;eventi sent;88777734
2015-10-01 23:55:02;new chat started;64039950
2015-10-01 23:56:02;aria sent;64039950
2015-10-01 23:57:02;eventi sent;64039950
2015-10-02 02:21:02;crediti sent;88777734
2015-10-02 08:55:02;rischi sent;49388179
2015-10-02 09:10:02;aria sent;69668132
2015-10-02 09:11:03;aria sent;69668132
2015-10-02 09:12:02;eventi sent;69668132
2015-10-02 09:14:03;eventi sent;69668132
2015-10-02 09:15:03;eventi sent;69668132
2015-10-02 09:16:02;aria sent;69668132
2015-10-02 09:43:16;aria sent;69668132
2015-10-02 09:44:13;aria sent;69668132
2015-10-02 09:44:25;aria sent;69668132
2015-10-02 09:45:02;aria sent;69668132
2015-10-02 09:45:48;aria sent;69668132
2015-10-02 09:55:03;aria sent;69668132
2015-10-02 09:56:02;aria sent;69668132
2015-10-02 09:59:02;wrong command sent;69668132
2015-10-02 11:41:34;crediti sent;69668132
2015-10-02 11:42:39;wrong command sent;69668132
2015-10-02 11:43:15;wrong command sent;69668132
2015-10-02 11:43:25;dae sent;69668132
2015-10-02 11:44:02;dae sent;69668132
2015-10-02 11:44:19;dae sent;69668132
2015-10-02 11:47:01;dae sent;69668132
2015-10-02 11:49:08;dae sent;69668132
2015-10-02 11:49:19;dae sent;69668132
2015-10-02 11:49:37;dae sent;69668132
2015-10-02 11:51:46;dae sent;69668132
2015-10-02 11:54:01;dae sent;69668132
2015-10-02 11:54:56;dae sent;69668132
2015-10-02 11:55:49;dae sent;69668132
2015-10-02 12:01:31;previsioni Lecce sent;88777734
2015-10-02 12:01:33;dae sent;69668132
2015-10-02 12:03:03;crediti sent;88777734
2015-10-02 12:03:04;traffico sent;88777734
2015-10-02 12:06:45;crediti sent;119748659
2015-10-02 12:06:45;dae sent;69668132
2015-10-02 12:08:01;dae sent;119748659
2015-10-02 12:10:38;crediti sent;69668132
2015-10-02 12:55:08;new chat started;130451804
2015-10-02 13:06:02;new chat started;80236908
2015-10-02 13:07:02;previsioni Lecce sent;80236908
2015-10-02 13:07:04;crediti sent;80236908
2015-10-02 14:07:02;dae sent;69668132
2015-10-02 14:31:02;new chat started;123613808
2015-10-02 15:30:03;new chat started;33271719
2015-10-02 15:31:01;previsioni Lecce sent;33271719
2015-10-02 15:32:02;new chat started;36369981
2015-10-02 15:32:02;eventi sent;33271719
2015-10-02 15:33:02;aria sent;36369981
2015-10-02 15:33:16;traffico sent;33271719
2015-10-02 15:34:02;traffico sent;36369981
2015-10-02 15:34:04;eventi sent;36369981
2015-10-02 15:35:03;aria sent;36369981
2015-10-02 15:36:03;rischi sent;36369981
2015-10-02 15:40:02;previsioni Lecce sent;117797581
2015-10-02 15:41:02;rischi sent;117797581
2015-10-02 15:42:02;eventi sent;117797581
2015-10-02 15:50:03;dae sent;69668132
2015-10-02 15:50:06;new chat started;102969626
2015-10-02 15:51:03;previsioni Lecce sent;102969626
2015-10-02 15:58:02;information for maps recorded;117797581
2015-10-02 15:58:02;wrong command sent;117797581
2015-10-02 15:59:02;new chat started;24435735
2015-10-02 16:00:02;eventi sent;24435735
2015-10-02 16:00:15;new chat started;126144555
2015-10-02 16:04:02;eventi sent;126144555
2015-10-02 16:04:03;eventi sent;126144555
2015-10-02 16:09:02;eventi sent;69668132
2015-10-02 16:12:01;rischi sent;69668132
2015-10-02 16:12:04;new chat started;124411665
2015-10-02 16:13:02;previsioni Lecce sent;124411665
2015-10-02 16:15:07;temperatura Lecce sent;124411665
2015-10-02 16:16:03;crediti sent;124411665
2015-10-02 16:50:02;new chat started;137549323
2015-10-02 16:51:07;previsioni Lecce sent;137549323
2015-10-02 16:52:02;crediti sent;137549323
2015-10-02 16:53:03;traffico sent;137549323
2015-10-02 16:55:02;crediti sent;137549323
2015-10-02 17:03:03;crediti sent;124012419
2015-10-02 17:05:03;aria sent;124012419
2015-10-02 17:08:02;traffico sent;124012419
2015-10-02 18:09:03;dae sent;69668132
2015-10-02 18:36:02;traffico sent;130671588
2015-10-02 18:37:02;previsioni Lecce sent;130671588
2015-10-02 19:26:01;dae sent;69668132
2015-10-02 19:28:02;dae sent;69668132
2015-10-02 19:29:02;dae sent;69668132
2015-10-02 19:30:01;dae sent;69668132
2015-10-02 19:31:02;dae sent;69668132
2015-10-02 20:20:01;new chat started;31395109
2015-10-02 21:35:02;dae sent;119748659
2015-10-02 21:50:03;new chat started;37712962
2015-10-02 21:51:03;previsioni Lecce sent;37712962
2015-10-02 21:56:03;eventi sent;37712962
2015-10-02 22:00:02;crediti sent;37712962
2015-10-02 22:10:02;aria sent;69668132
2015-10-03 01:41:01;previsioni Lecce sent;103237237
2015-10-03 01:46:02;rischi sent;103237237
2015-10-03 04:06:02;new chat started;106903344
2015-10-03 04:07:01;previsioni Lecce sent;106903344
2015-10-03 04:07:04;new chat started;106903344
2015-10-03 04:07:04;new chat started;106903344
2015-10-03 06:39:02;new chat started;127692590
2015-10-03 06:40:02;previsioni Lecce sent;127692590
2015-10-03 06:40:03;crediti sent;127692590
2015-10-03 08:26:02;new chat started;111995795
2015-10-03 08:26:03;new chat started;111995795
2015-10-03 09:39:02;new chat started;33271719
2015-10-03 09:40:02;previsioni Lecce sent;33271719
2015-10-03 09:41:02;eventi sent;33271719
2015-10-03 16:12:02;dae sent;69668132
2015-10-03 16:45:40;aria sent;69668132
2015-10-03 16:55:02;wrong command sent;137772883
2015-10-03 16:56:02;traffico sent;137772883
2015-10-03 16:57:02;wrong command sent;137772883
2015-10-03 17:07:02;previsioni Lecce sent;137772883
2015-10-03 17:09:46;orari sent;69668132
2015-10-03 17:11:02;previsioni Lecce sent;137772883
2015-10-03 17:11:22;orari sent;69668132
2015-10-03 17:12:01;rischi sent;137772883
2015-10-03 17:12:46;orari sent;69668132
2015-10-03 17:13:13;orari sent;69668132
2015-10-03 17:14:01;orari sent;69668132
2015-10-03 17:16:01;wrong command sent;137772883
2015-10-03 17:16:47;eventi sent;137772883
2015-10-03 17:16:49;orari sent;69668132
2015-10-03 17:19:02;orari sent;69668132
2015-10-03 17:19:25;orari sent;69668132
2015-10-03 17:20:02;crediti sent;137772883
2015-10-03 17:21:14;orari sent;69668132
2015-10-03 17:22:02;wrong command sent;137772883
2015-10-03 17:22:18;orari sent;69668132
2015-10-03 17:23:02;orari sent;69668132
2015-10-03 17:23:29;orari sent;69668132
2015-10-03 17:24:08;orari sent;69668132
2015-10-03 17:24:40;orari sent;69668132
2015-10-03 17:25:39;orari sent;69668132
2015-10-03 17:26:33;orari sent;69668132
2015-10-03 17:27:21;orari sent;69668132
2015-10-03 17:27:49;orari sent;69668132
2015-10-03 17:31:33;orari sent;69668132
2015-10-03 17:32:19;orari sent;69668132
2015-10-03 17:33:16;orari sent;69668132
2015-10-03 17:40:01;orari sent;69668132
2015-10-03 17:40:29;orari sent;69668132
2015-10-03 17:41:02;orari sent;69668132
2015-10-03 17:41:34;orari sent;69668132
2015-10-03 17:42:20;orari sent;69668132
2015-10-03 17:43:02;orari sent;69668132
2015-10-03 17:45:33;orari sent;69668132
2015-10-03 17:47:23;orari sent;69668132
2015-10-03 17:49:46;orari sent;69668132
2015-10-03 17:52:03;wrong command sent;137772883
2015-10-03 18:00:35;orari sent;69668132
2015-10-03 18:00:56;orari sent;69668132
2015-10-03 18:01:21;orari sent;69668132
2015-10-03 18:02:25;orari sent;69668132
2015-10-03 18:03:45;orari sent;69668132
2015-10-03 18:04:51;orari sent;69668132
2015-10-03 18:05:54;orari sent;69668132
2015-10-03 18:07:00;orari sent;69668132
2015-10-03 18:08:40;orari sent;69668132
2015-10-03 18:10:02;orari sent;69668132
2015-10-03 18:10:25;aria sent;69668132
2015-10-03 18:10:47;orari sent;69668132
2015-10-03 18:18:13;orari sent;69668132
2015-10-03 18:18:35;orari sent;69668132
2015-10-03 18:37:15;orari sent;69668132
2015-10-03 18:38:13;orari sent;69668132
2015-10-03 18:38:52;orari sent;69668132
2015-10-03 18:38:54;orari sent;69668132
2015-10-03 18:39:15;orari sent;69668132
2015-10-03 18:42:40;orari sent;69668132
2015-10-03 18:43:01;orari sent;69668132
2015-10-03 18:43:18;orari sent;69668132
2015-10-03 18:45:02;orari sent;69668132
2015-10-03 18:45:23;aria sent;69668132
2015-10-03 18:45:58;orari sent;69668132
2015-10-03 18:48:10;orari sent;69668132
2015-10-03 18:48:24;orari sent;69668132
2015-10-03 18:50:31;orari sent;69668132
2015-10-03 18:51:02;orari sent;69668132
2015-10-03 18:57:29;orari sent;69668132
2015-10-03 18:58:21;wrong command sent;69668132
2015-10-03 18:58:33;orari sent;69668132
2015-10-03 18:58:54;wrong command sent;69668132
2015-10-03 18:59:28;orari sent;69668132
2015-10-03 18:59:42;orari sent;69668132
2015-10-03 19:00:59;orari sent;69668132
2015-10-03 19:04:02;orari sent;69668132
2015-10-03 19:04:29;orari sent;69668132
2015-10-03 19:04:44;orari sent;69668132
2015-10-03 19:05:01;orari sent;69668132
2015-10-03 19:05:16;orari sent;69668132
2015-10-03 19:06:02;orari sent;69668132
2015-10-03 19:07:01;orari sent;69668132
2015-10-03 20:58:04;rischi sent;111995795
2015-10-03 20:58:07;previsioni Lecce sent;111995795
2015-10-03 20:58:09;previsioni Lecce sent;111995795
2015-10-03 21:00:02;information for maps recorded;111995795
2015-10-03 21:00:03;wrong command sent;111995795
2015-10-03 21:01:02;eventi sent;111995795
2015-10-03 21:02:02;orari sent;111995795
2015-10-03 21:04:02;new chat started;69668132
2015-10-03 21:05:02;new chat started;69668132
2015-10-03 21:12:01;eventi sent;69668132
2015-10-03 21:14:01;orari sent;69668132
2015-10-03 21:15:01;crediti sent;69668132
2015-10-03 21:21:02;orari sent;69668132
2015-10-03 21:22:02;rischi sent;69668132
2015-10-03 21:23:02;dae sent;69668132
2015-10-03 21:24:02;aria sent;69668132
2015-10-03 21:26:02;information for maps recorded;69668132
2015-10-03 21:33:02;rischi sent;69668132
2015-10-03 21:41:02;rischi sent;69668132
2015-10-03 21:42:02;rischi sent;69668132
2015-10-03 21:49:18;eventi sent;69668132
2015-10-03 21:49:28;rischi sent;69668132
2015-10-03 21:50:03;rischi sent;69668132
2015-10-03 21:50:35;rischi sent;69668132
2015-10-03 21:55:59;rischi sent;69668132
2015-10-03 21:57:41;rischi sent;69668132
2015-10-03 21:58:15;eventi sent;69668132
2015-10-03 21:58:17;rischi sent;69668132
2015-10-03 22:56:02;dae sent;69668132
2015-10-03 23:00:02;previsioni Lecce sent;30112401
2015-10-03 23:02:02;orari sent;30112401
2015-10-03 23:16:02;temperatura Lequile sent;111995795
2015-10-03 23:36:01;new chat started;132035407
2015-10-03 23:55:02;rischi sent;111995795
2015-10-04 08:14:21;previsioni Lecce sent;132035407
2015-10-04 14:01:48;previsioni Lecce sent;64039950
2015-10-04 14:03:25;wrong command sent;64039950
2015-10-04 14:06:17;previsioni Lecce sent;69668132
2015-10-04 14:07:03;rischi sent;69668132
2015-10-04 15:06:35;temperatura Lecce sent;117797581
2015-10-04 15:06:37;wrong command sent;117797581
2015-10-04 15:06:37;temperatura Lecce sent;117797581
2015-10-04 15:08:56;information for maps recorded;117797581
2015-10-04 15:08:57;wrong command sent;117797581
2015-10-04 15:09:02;wrong command sent;117797581
2015-10-04 17:13:21;new chat started;36248978
2015-10-04 17:17:03;crediti sent;36248978
2015-10-04 17:17:04;eventi sent;36248978
2015-10-04 17:28:02;previsioni Lecce sent;130451804
2015-10-04 17:56:03;dae sent;69668132
2015-10-04 18:57:02;new chat started;110168613
2015-10-04 18:58:30;traffico sent;110168613
2015-10-04 19:14:03;eventi sent;110168613
2015-10-05 20:02:02;crediti sent;103237237
2015-10-05 21:11:02;eventi sent;37712962
2015-10-05 21:13:02;dae sent;37712962
2015-10-05 21:24:02;new chat started;134726275
2015-10-05 21:53:02;new chat started;80236908
2015-10-05 21:53:03;previsioni Lecce sent;80236908
2015-10-05 21:54:02;eventi sent;80236908
2015-10-06 10:26:02;rischi sent;117301315
2015-10-06 10:28:02;temperatura Lecce sent;117301315
2015-10-06 10:29:02;dae sent;117301315
2015-10-06 10:29:04;dae sent;117301315
2015-10-06 10:29:05;dae sent;117301315
2015-10-06 11:13:03;temperatura Lecce sent;117301315
2015-10-06 11:14:02;dae sent;117301315
2015-10-06 12:15:03;new chat started;137936755
2015-10-06 12:19:03;traffico sent;137936755
2015-10-06 13:05:02;new chat started;123144456
2015-10-06 13:06:02;traffico sent;123144456
2015-10-06 13:07:02;previsioni Lecce sent;123144456
2015-10-06 14:37:02;rischi sent;138291038
2015-10-06 15:18:02;orari sent;69668132
2015-10-06 15:54:03;new chat started;107756726
2015-10-06 16:10:02;previsioni Lecce sent;137936755
2015-10-06 16:15:04;previsioni Lecce sent;135239852
2015-10-06 17:38:04;aria sent;44873142
2015-10-06 17:39:02;aria sent;44873142
2015-10-06 17:39:04;crediti sent;44873142
2015-10-06 18:33:02;dae sent;119748659
2015-10-06 21:20:02;rischi sent;69668132
2015-10-06 21:21:02;dae sent;69668132
2015-10-07 09:27:02;orari sent;111995795
2015-10-07 12:11:03;previsioni Lecce sent;30112401
2015-10-07 14:07:02;rischi sent;117797581
2015-10-07 14:24:02;previsioni Lecce sent;137936755
2015-10-07 14:28:01;previsioni Lecce sent;137936755
2015-10-07 14:29:03;rischi sent;137936755
2015-10-07 14:55:02;orari sent;69668132
2015-10-07 15:05:02;dae sent;119748659
2015-10-07 15:10:02;dae sent;69668132
2015-10-07 15:34:02;dae sent;69668132
2015-10-07 15:36:03;dae sent;69668132
2015-10-07 15:37:01;dae sent;69668132
2015-10-07 16:34:02;new chat started;85892757
2015-10-07 17:02:02;rischi sent;111995795
2015-10-07 17:02:04;previsioni Lecce sent;111995795
2015-10-07 18:40:03;aria sent;111995795
2015-10-07 19:35:03;orari sent;69668132
2015-10-07 19:37:02;orari sent;69668132
2015-10-07 21:49:02;new chat started;37712962
2015-10-07 21:49:02;previsioni Lecce sent;37712962
2015-10-07 21:50:02;eventi sent;37712962
2015-10-07 21:52:02;orari sent;37712962
2015-10-07 22:00:07;wrong command sent;111995795
2015-10-07 22:01:02;wrong command sent;111995795
2015-10-07 23:17:01;previsioni Lecce sent;21414126
2015-10-07 23:18:02;eventi sent;21414126
2015-10-08 01:15:02;wrong command sent;111995795
2015-10-08 07:54:02;new chat started;131430171
2015-10-08 07:54:02;wrong command sent;131430171
2015-10-08 07:56:02;previsioni Lecce sent;131430171
2015-10-08 07:56:04;previsioni Lecce sent;131430171
2015-10-08 07:56:05;rischi sent;131430171
2015-10-08 07:57:01;wrong command sent;131430171
2015-10-08 09:50:03;previsioni Lecce sent;124411665
2015-10-08 11:39:01;orari sent;69668132
2015-10-08 14:21:03;previsioni Lecce sent;69668132
2015-10-08 14:23:07;rischi sent;69668132
2015-10-08 14:32:02;new chat started;133474883
2015-10-08 14:32:02;new chat started;133474883
2015-10-08 14:33:02;wrong command sent;133474883
2015-10-08 14:33:03;previsioni Lecce sent;133474883
2015-10-08 14:45:53;crediti sent;133474883
2015-10-08 15:27:02;new chat started;12006599
2015-10-08 15:28:02;crediti sent;12006599
2015-10-08 15:30:03;previsioni Lecce sent;12006599
2015-10-08 15:31:02;rischi sent;12006599
2015-10-08 16:09:03;temperatura Lecce sent;133474883
2015-10-08 16:10:02;aria sent;133474883
2015-10-08 17:59:03;dae sent;119748659
2015-10-09 01:07:57;crediti sent;69668132
2015-10-09 01:08:12;wrong command sent;69668132
2015-10-09 01:08:58;tariffa_antegps sent;69668132
2015-10-09 01:09:34;tariffa_antegps sent;69668132
2015-10-09 01:11:02;tariffa_antegps sent;69668132
2015-10-09 01:11:27;wrong command sent;69668132
2015-10-09 01:11:54;tariffa_antegps sent;69668132
2015-10-09 01:37:02;tariffa_antegps sent;69668132
2015-10-09 01:39:02;information for maps recorded;69668132
2015-10-09 01:40:02;wrong command sent;69668132
2015-10-09 01:41:01;wrong command sent;69668132
2015-10-09 01:42:02;tariffa_antegps sent;69668132
2015-10-09 01:46:02;tariffa_antegps sent;69668132
2015-10-09 10:41:03;previsioni Lecce sent;30112401
2015-10-09 12:08:03;new chat started;128575531
2015-10-09 12:51:04;new chat started;130653714
2015-10-09 12:51:05;new chat started;130653714
2015-10-09 12:52:02;previsioni Lecce sent;130653714
2015-10-09 12:53:03;notification reset;130653714
2015-10-09 12:53:05;wrong command sent;130653714
2015-10-09 13:04:05;new chat started;31608865
2015-10-09 13:05:05;previsioni Lecce sent;31608865
2015-10-09 13:54:03;traffico sent;137936755
2015-10-09 13:54:08;dae sent;137936755
2015-10-09 16:08:02;crediti sent;128575531
2015-10-09 16:35:03;wrong command sent;69668132
2015-10-09 17:00:03;wrong command sent;137772883
2015-10-09 17:08:03;previsioni Lecce sent;69668132
2015-10-09 17:10:03;wrong command sent;69668132
2015-10-09 17:11:02;wrong command sent;137772883
2015-10-09 17:11:02;dae sent;69668132
2015-10-09 17:12:02;tariffa_antegps sent;69668132
2015-10-09 17:35:02;new chat started;10838509
2015-10-09 17:37:01;information for maps recorded;10838509
2015-10-09 17:38:02;eventi sent;10838509
2015-10-09 17:55:02;new chat started;3190431
2015-10-09 17:56:03;previsioni Lecce sent;3190431
2015-10-09 17:56:06;previsioni Lecce sent;3190431
2015-10-09 18:23:02;rischi sent;137936755
2015-10-09 18:23:04;previsioni Lecce sent;137936755
2015-10-09 18:23:06;previsioni Lecce sent;137936755
2015-10-09 18:27:02;tariffa_antegps sent;69668132
2015-10-09 19:07:02;new chat started;124116944
2015-10-09 19:08:03;temperatura Lecce sent;3190431
2015-10-09 19:08:06;crediti sent;124116944
2015-10-09 19:09:02;previsioni Lecce sent;124116944
2015-10-09 19:15:03;orari sent;124116944
2015-10-10 00:22:01;temperatura Lecce sent;64039950
2015-10-10 08:47:02;previsioni Lecce sent;137936755
2015-10-10 09:14:02;previsioni Lecce sent;137936755
2015-10-10 09:14:03;rischi sent;137936755
2015-10-10 12:52:02;new chat started;56133362
2015-10-10 12:52:02;wrong command sent;56133362
2015-10-10 12:54:02;temperatura Nardò sent;56133362
2015-10-10 14:40:02;new chat started;135968552
2015-10-10 14:41:02;wrong command sent;135968552
2015-10-10 14:41:02;previsioni Lecce sent;135968552
2015-10-10 14:42:02;wrong command sent;135968552
2015-10-10 14:43:01;wrong command sent;135968552
2015-10-10 15:46:45;tariffa_antegps sent;69668132
2015-10-10 15:50:01;tariffa_antegps sent;69668132
2015-10-10 16:04:02;new chat started;56123443
2015-10-10 16:05:03;previsioni Lecce sent;56123443
2015-10-10 16:06:02;information for maps recorded;56123443
2015-10-10 16:06:03;wrong command sent;56123443
2015-10-10 16:19:30;wrong command sent;69668132
2015-10-10 16:19:30;previsioni Lecce sent;37712962
2015-10-10 16:20:00;orari sent;69668132
2015-10-10 16:32:01;previsioni Lecce sent;137936755
2015-10-10 16:33:01;rischi sent;137936755
2015-10-10 18:05:02;information for maps recorded;69668132
2015-10-10 18:05:02;wrong command sent;69668132
2015-10-10 19:06:02;new chat started;95679863
2015-10-10 22:27:02;new chat started;134594224
2015-10-10 22:27:02;eventi sent;134594224
2015-10-10 22:28:02;eventi sent;134594224
2015-10-11 09:30:02;wrong command sent;69668132
2015-10-11 09:43:02;orari sent;69668132
2015-10-15 21:41:02;rischi sent;130671588
2015-10-15 21:41:06;previsioni Lecce sent;130671588
2015-10-15 21:41:07;previsioni Lecce sent;130671588
2015-10-15 21:41:08;new chat started;44344423
2015-10-15 21:41:08;new chat started;44344423
2015-10-15 21:41:08;wrong command sent;44344423
2015-10-15 21:41:09;new chat started;44344423
2015-10-15 21:41:09;crediti sent;44344423
2015-10-15 21:41:10;new chat started;129551916
2015-10-15 21:41:10;new chat started;129551916
2015-10-15 21:41:10;new chat started;129551916
2015-10-15 21:41:11;new chat started;129551916
2015-10-15 21:41:11;previsioni Lecce sent;69668132
2015-10-15 21:41:12;previsioni Lecce sent;130671588
2015-10-15 21:41:12;wrong command sent;130671588
2015-10-15 21:41:13;new chat started;69668132
2015-10-15 21:42:02;previsioni Lecce sent;69668132
2015-10-15 21:43:02;crediti sent;130671588
2015-10-15 21:43:03;previsioni Lecce sent;69668132
2015-10-15 21:44:02;rischi sent;69668132
2015-10-15 21:44:22;rischi sent;69668132
2015-10-15 21:44:51;temperatura Lecce sent;69668132
2015-10-15 21:45:20;previsioni Lecce sent;69668132
2015-10-15 21:45:49;aria sent;69668132
2015-10-15 21:47:02;aria sent;69668132
2015-10-15 21:47:28;eventi sent;69668132
2015-10-15 21:49:26;dae sent;69668132
2015-10-15 22:09:02;dae sent;130671588
2015-10-15 22:10:02;traffico sent;130671588
2015-10-15 22:11:02;tariffa_antegps sent;130671588
2015-10-15 22:14:02;previsioni Lecce sent;130671588
2015-10-15 22:15:41;previsioni Lecce sent;69668132
2015-10-15 22:15:41;rischi sent;130671588
2015-10-16 00:04:24;previsioni Lecce sent;69668132
2015-10-16 00:04:35;previsioni Lecce sent;69668132
2015-10-16 00:04:59;temperatura Lecce sent;69668132
2015-10-16 00:08:55;eventi sent;69668132
2015-10-16 00:09:52;orari sent;69668132
2015-10-16 00:52:25;information for maps recorded;69668132
2015-10-16 00:52:26;wrong command sent;69668132
2015-10-16 01:04:49;wrong command sent;69668132
2015-10-16 01:05:24;wrong command sent;69668132
2015-10-16 01:05:35;wrong command sent;69668132
2015-10-16 01:05:58;wrong command sent;69668132
2015-10-16 01:15:45;information for maps recorded;69668132
2015-10-16 01:16:59;information for maps recorded;69668132
2015-10-16 01:20:16;information for maps recorded;69668132
2015-10-16 01:20:55;information for maps recorded;69668132
2015-10-16 13:56:03;previsioni Lecce sent;137936755
2015-10-16 16:43:03;rischi sent;130671588
2015-10-16 19:49:02;new chat started;140731127
2015-10-16 19:49:02;traffico sent;137936755
2015-10-16 19:50:02;previsioni Lecce sent;140731127
2015-10-16 19:51:02;dae sent;140731127
2015-10-16 21:08:02;new chat started;12972737
2015-10-16 21:08:02;previsioni Lecce sent;12972737
2015-10-16 21:10:02;new chat started;12972737
2015-10-16 21:14:02;temperatura Lecce sent;12972737
2015-10-16 21:15:02;tariffa_antegps sent;12972737
2015-10-16 21:16:02;aria sent;12972737
2015-10-16 22:33:02;new chat started;147241071
2015-10-16 22:34:02;dae sent;147241071
2015-10-16 22:36:02;dae sent;147241071
2015-10-16 22:53:02;previsioni Lecce sent;69668132
2015-10-17 07:21:18;new chat started;69668132
2015-10-17 07:22:23;previsioni Lecce sent;69668132
2015-10-17 07:22:33;previsioni sent;69668132
2015-10-17 07:42:51;previsioni Lecce sent;69668132
2015-10-17 07:43:02;previsioni sent;69668132
2015-10-17 07:45:03;previsioni Lecce sent;69668132
2015-10-17 07:47:25;crediti sent;69668132
2015-10-17 07:49:56;previsioni Lecce sent;69668132
2015-10-17 07:51:45;previsioni Lecce sent;69668132
2015-10-17 07:55:55;wrong command sent;
2015-10-17 07:58:50;previsioni Lecce sent;69668132
2015-10-17 07:58:55;previsioni sent;69668132
2015-10-17 08:09:33;previsioni sent;69668132
2015-10-17 08:09:36;previsioni Lecce sent;69668132
2015-10-17 08:10:43;previsioni Lecce sent;69668132
2015-10-17 08:10:44;temperatura Taranto sent;69668132
2015-10-17 08:10:46;temperatura Taranto sent;69668132
2015-10-17 08:10:46;temperatura Taranto sent;69668132
2015-10-17 08:10:54;crediti sent;69668132
2015-10-17 08:11:30;temperatura Taranto sent;69668132
2015-10-17 08:11:41;crediti sent;69668132
2015-10-17 11:17:31;temperatura Taranto sent;69668132
2015-10-17 11:17:34;previsioni Lecce sent;69668132
2015-10-17 11:17:36;previsioni sent;69668132
2015-10-17 11:52:31;rischi sent;69668132
2015-10-17 11:54:30;rischi sent;69668132
2015-10-17 11:56:17;crediti sent;69668132
2015-10-17 11:56:27;crediti sent;69668132
2015-10-17 11:56:32;wrong command sent;69668132
2015-10-17 11:56:34;wrong command sent;69668132
2015-10-17 11:56:38;new chat started;69668132
2015-10-17 11:57:04;wrong command sent;69668132
2015-10-17 11:57:05;rischi sent;69668132
2015-10-17 11:57:49;rischi sent;69668132
2015-10-17 11:58:18;rischi sent;69668132
2015-10-17 11:59:00;rischi sent;69668132
2015-10-17 12:02:53;rischi sent;69668132
2015-10-17 12:03:59;wrong command sent;69668132
2015-10-17 12:04:04;rischi sent;69668132
2015-10-17 12:04:11;rischi sent;69668132
2015-10-17 12:10:49;previsioni sent;69668132
2015-10-17 12:11:54;previsioni sent;69668132
2015-10-17 12:12:35;previsioni sent;69668132
2015-10-17 12:13:38;previsioni sent;69668132
2015-10-17 12:14:38;previsioni sent;69668132
2015-10-17 12:15:18;previsioni sent;69668132
2015-10-17 12:15:52;previsioni sent;69668132
2015-10-17 12:17:03;previsioni sent;69668132
2015-10-17 12:17:42;previsioni sent;69668132
2015-10-17 12:18:51;previsioni Lecce sent;69668132
2015-10-17 12:19:57;previsioni sent;69668132
2015-10-17 12:20:01;previsioni sent;69668132
2015-10-17 12:20:04;previsioni sent;69668132
2015-10-17 12:20:19;previsioni sent;69668132
2015-10-17 12:20:21;previsioni sent;69668132
2015-10-17 12:20:28;previsioni sent;69668132
2015-10-17 12:20:36;previsioni Lecce sent;69668132
2015-10-17 12:20:46;rischi sent;69668132
2015-10-17 12:20:52;rischi sent;69668132
2015-10-17 12:21:01;temperatura Taranto sent;69668132
2015-10-17 12:21:06;crediti sent;69668132
2015-10-17 12:22:22;crediti sent;69668132
2015-10-17 12:22:50;crediti sent;69668132
2015-10-17 12:23:12;crediti sent;69668132
2015-10-17 12:23:31;previsioni Lecce sent;69668132
2015-10-17 12:23:33;temperatura Taranto sent;69668132
2015-10-17 12:23:38;wrong command sent;69668132
2015-10-17 12:32:56;new chat started;138242135
2015-10-17 12:33:08;wrong command sent;138242135
2015-10-17 12:33:18;rischi sent;138242135
2015-10-17 12:34:12;new chat started;127326994
2015-10-17 12:34:16;rischi sent;127326994
2015-10-17 12:34:52;previsioni Lecce sent;127326994
2015-10-17 12:35:03;crediti sent;127326994
2015-10-17 12:34:59;rischi sent;127326994
2015-10-17 12:35:11;new chat started;130671588
2015-10-17 12:35:15;rischi sent;130671588
2015-10-17 12:35:45;rischi sent;130671588
2015-10-17 12:39:06;new chat started;147241071
2015-10-17 12:39:14;previsioni Lecce sent;147241071
2015-10-17 12:39:29;previsioni sent;147241071
2015-10-17 12:40:22;previsioni Lecce sent;138242135
2015-10-17 12:40:38;temperatura Taranto sent;138242135
2015-10-17 12:40:46;rischi sent;138242135
2015-10-17 12:52:33;new chat started;139534436
2015-10-17 12:52:38;previsioni Lecce sent;139534436
2015-10-17 12:52:45;previsioni sent;139534436
2015-10-17 12:52:56;crediti sent;139534436
2015-10-17 12:56:57;temperatura Taranto sent;139534436
2015-10-17 12:57:10;wrong command sent;139534436
2015-10-17 13:26:03;wrong command sent;139745781
2015-10-17 13:26:09;previsioni Lecce sent;139745781
2015-10-17 13:26:16;temperatura Taranto sent;139745781
2015-10-17 13:26:26;rischi sent;139745781
2015-10-17 13:32:41;new chat started;55225055
2015-10-17 13:32:47;previsioni Lecce sent;55225055
2015-10-17 13:32:57;temperatura Taranto sent;55225055
2015-10-17 13:33:06;crediti sent;55225055
2015-10-17 13:33:55;rischi sent;55225055
2015-10-17 13:34:10;previsioni sent;55225055
2015-10-17 13:36:33;new chat started;34353829
2015-10-17 13:36:40;previsioni Lecce sent;34353829
2015-10-17 13:36:50;rischi sent;34353829
2015-10-17 13:37:43;crediti sent;34353829
2015-10-17 13:38:01;temperatura Taranto sent;34353829
2015-10-17 13:38:10;rischi sent;34353829
2015-10-17 14:06:14;new chat started;22146525
2015-10-17 14:06:21;previsioni Lecce sent;22146525
2015-10-17 14:06:35;temperatura Taranto sent;22146525
2015-10-17 14:14:56;new chat started;135015942
2015-10-17 14:15:09;rischi sent;135015942
2015-10-17 14:15:19;rischi sent;135015942
2015-10-17 14:15:30;previsioni Lecce sent;135015942
2015-10-17 14:16:17;crediti sent;135015942
2015-10-17 14:16:23;crediti sent;135015942
2015-10-17 14:16:24;crediti sent;135015942
2015-10-17 14:16:24;crediti sent;135015942
2015-10-17 14:42:41;new chat started;37712962
2015-10-17 14:42:46;previsioni Lecce sent;37712962
2015-10-17 14:42:56;rischi sent;37712962
2015-10-17 14:43:37;crediti sent;37712962
2015-10-17 14:43:47;temperatura Taranto sent;37712962
2015-10-17 14:43:50;previsioni sent;37712962
2015-10-17 15:01:46;previsioni Lecce sent;139745781
2015-10-17 15:49:23;information for maps recorded;69668132
2015-10-17 15:51:12;information for maps recorded;69668132
2015-10-17 15:52:26;information for maps recorded;69668132
2015-10-17 15:53:22;information for maps recorded;69668132
2015-10-17 15:53:53;information for maps recorded;69668132
2015-10-17 15:54:20;information for maps recorded;69668132
2015-10-17 15:57:32;information for maps recorded;69668132
2015-10-17 16:10:47;information for maps recorded;69668132
2015-10-17 16:15:52;crediti sent;69668132
2015-10-17 16:17:23;new chat started;69668132
2015-10-17 16:17:30;wrong command sent;69668132
2015-10-17 16:17:34;previsioni Lecce sent;69668132
2015-10-17 16:17:37;previsioni sent;69668132
2015-10-17 16:17:47;rischi sent;69668132
2015-10-17 16:19:06;information for maps recorded;69668132
2015-10-17 16:19:10;information for maps recorded;69668132
2015-10-17 16:19:22;information for maps recorded;69668132
2015-10-17 16:19:33;information for maps recorded;69668132
2015-10-17 16:19:59;information for maps recorded;69668132
2015-10-17 16:20:29;information for maps recorded;69668132
2015-10-17 16:22:36;information for maps recorded;69668132
2015-10-17 16:24:01;wrong command sent;101038712
2015-10-17 16:24:10;previsioni Lecce sent;101038712
2015-10-17 16:24:15;crediti sent;101038712
2015-10-17 16:24:24;previsioni Lecce sent;101038712
2015-10-17 16:28:14;information for maps recorded;69668132
2015-10-17 16:32:10;information for maps recorded;69668132
2015-10-17 16:37:26;information for maps recorded;69668132
2015-10-17 16:42:25;information for maps recorded;69668132
2015-10-17 16:43:16;previsioni Lecce sent;69668132
2015-10-17 16:43:22;rischi sent;69668132
